d:\dev\code\cpp_visualstudio\feuille2.3.2\feuille\debug\vc142.pdb
d:\dev\code\cpp_visualstudio\feuille2.3.2\feuille\debug\vc142.idb
d:\dev\code\cpp_visualstudio\feuille2.3.2\feuille\debug\gtkmainframe.obj
d:\dev\code\cpp_visualstudio\feuille2.3.2\feuille\debug\feuille.obj
d:\dev\code\cpp_visualstudio\feuille2.3.2\feuille\debug\mainframe.obj
d:\dev\code\cpp_visualstudio\feuille2.3.2\feuille\debug\chatpanel.obj
d:\dev\code\cpp_visualstudio\feuille2.3.2\feuille\debug\language.obj
d:\dev\code\cpp_visualstudio\feuille2.3.2\feuille\debug\languagelinkage.obj
d:\dev\code\cpp_visualstudio\feuille2.3.2\feuille\debug\conf.obj
d:\dev\code\cpp_visualstudio\feuille2.3.2\feuille\debug\mainpanel.obj
d:\dev\code\cpp_visualstudio\feuille2.3.2\feuille\debug\drawingpanel.obj
d:\dev\code\cpp_visualstudio\feuille2.3.2\feuille\debug\vcpkg.applocal.log
d:\dev\code\cpp_visualstudio\feuille2.3.2\feuille\debug\gio-2.dll
d:\dev\code\cpp_visualstudio\feuille2.3.2\feuille\debug\glib-2.dll
d:\dev\code\cpp_visualstudio\feuille2.3.2\feuille\debug\pcred.dll
d:\dev\code\cpp_visualstudio\feuille2.3.2\feuille\debug\libiconv.dll
d:\dev\code\cpp_visualstudio\feuille2.3.2\feuille\debug\libcharset.dll
d:\dev\code\cpp_visualstudio\feuille2.3.2\feuille\debug\libintl.dll
d:\dev\code\cpp_visualstudio\feuille2.3.2\feuille\debug\gmodule-2.dll
d:\dev\code\cpp_visualstudio\feuille2.3.2\feuille\debug\gobject-2.dll
d:\dev\code\cpp_visualstudio\feuille2.3.2\feuille\debug\zlibd1.dll
d:\dev\code\cpp_visualstudio\feuille2.3.2\feuille\debug\gtk-3.dll
d:\dev\code\cpp_visualstudio\feuille2.3.2\feuille\debug\epoxy-0.dll
d:\dev\code\cpp_visualstudio\feuille2.3.2\feuille\debug\cairod.dll
d:\dev\code\cpp_visualstudio\feuille2.3.2\feuille\debug\libpng16d.dll
d:\dev\code\cpp_visualstudio\feuille2.3.2\feuille\debug\freetyped.dll
d:\dev\code\cpp_visualstudio\feuille2.3.2\feuille\debug\bz2d.dll
d:\dev\code\cpp_visualstudio\feuille2.3.2\feuille\debug\fontconfig.dll
d:\dev\code\cpp_visualstudio\feuille2.3.2\feuille\debug\expatd.dll
d:\dev\code\cpp_visualstudio\feuille2.3.2\feuille\debug\cairo-gobjectd.dll
d:\dev\code\cpp_visualstudio\feuille2.3.2\feuille\debug\pango-1.dll
d:\dev\code\cpp_visualstudio\feuille2.3.2\feuille\debug\pangocairo-1.dll
d:\dev\code\cpp_visualstudio\feuille2.3.2\feuille\debug\pangowin32-1.dll
d:\dev\code\cpp_visualstudio\feuille2.3.2\feuille\debug\pangoft2-1.dll
d:\dev\code\cpp_visualstudio\feuille2.3.2\feuille\debug\harfbuzz.dll
d:\dev\code\cpp_visualstudio\feuille2.3.2\feuille\debug\gdk_pixbuf-2.dll
d:\dev\code\cpp_visualstudio\feuille2.3.2\feuille\debug\atk-1.dll
d:\dev\code\cpp_visualstudio\feuille2.3.2\feuille\debug\gdk-3.dll
d:\dev\code\cpp_visualstudio\feuille2.3.2\feuille\debug\feuille.translation.en.resources
d:\dev\code\cpp_visualstudio\feuille2.3.2\feuille\debug\feuille.translation.fr.resources
d:\dev\code\cpp_visualstudio\feuille2.3.2\feuille\debug\feuille.exe
d:\dev\code\cpp_visualstudio\feuille2.3.2\feuille\debug\feuille.ilk
d:\dev\code\cpp_visualstudio\feuille2.3.2\feuille\debug\feuille.pdb
d:\dev\code\cpp_visualstudio\feuille2.3.2\feuille\debug\feuille.vcxproj.generateresource.cache
d:\dev\code\cpp_visualstudio\feuille2.3.2\feuille\debug\feuilleresource.res
d:\dev\code\cpp_visualstudio\feuille2.3.2\feuille\debug\resource.res
d:\dev\code\cpp_visualstudio\feuille2.3.2\feuille\debug\feuille.tlog\cl.command.1.tlog
d:\dev\code\cpp_visualstudio\feuille2.3.2\feuille\debug\feuille.tlog\cl.read.1.tlog
d:\dev\code\cpp_visualstudio\feuille2.3.2\feuille\debug\feuille.tlog\cl.write.1.tlog
d:\dev\code\cpp_visualstudio\feuille2.3.2\feuille\debug\feuille.tlog\feuille.write.1u.tlog
d:\dev\code\cpp_visualstudio\feuille2.3.2\feuille\debug\feuille.tlog\link.command.1.tlog
d:\dev\code\cpp_visualstudio\feuille2.3.2\feuille\debug\feuille.tlog\link.read.1.tlog
d:\dev\code\cpp_visualstudio\feuille2.3.2\feuille\debug\feuille.tlog\link.write.1.tlog
d:\dev\code\cpp_visualstudio\feuille2.3.2\feuille\debug\feuille.tlog\rc.command.1.tlog
d:\dev\code\cpp_visualstudio\feuille2.3.2\feuille\debug\feuille.tlog\rc.read.1.tlog
d:\dev\code\cpp_visualstudio\feuille2.3.2\feuille\debug\feuille.tlog\rc.write.1.tlog
