
D:\Dev\Code\CPP_VisualStudio\Feuille2.3.2\Feuille\Debug\gio-2.dll
D:\Dev\Code\CPP_VisualStudio\Feuille2.3.2\Feuille\Debug\glib-2.dll
D:\Dev\Code\CPP_VisualStudio\Feuille2.3.2\Feuille\Debug\pcred.dll
D:\Dev\Code\CPP_VisualStudio\Feuille2.3.2\Feuille\Debug\libiconv.dll
D:\Dev\Code\CPP_VisualStudio\Feuille2.3.2\Feuille\Debug\libcharset.dll
D:\Dev\Code\CPP_VisualStudio\Feuille2.3.2\Feuille\Debug\libintl.dll
D:\Dev\Code\CPP_VisualStudio\Feuille2.3.2\Feuille\Debug\gmodule-2.dll
D:\Dev\Code\CPP_VisualStudio\Feuille2.3.2\Feuille\Debug\gobject-2.dll
D:\Dev\Code\CPP_VisualStudio\Feuille2.3.2\Feuille\Debug\zlibd1.dll
D:\Dev\Code\CPP_VisualStudio\Feuille2.3.2\Feuille\Debug\gtk-3.dll
D:\Dev\Code\CPP_VisualStudio\Feuille2.3.2\Feuille\Debug\epoxy-0.dll
D:\Dev\Code\CPP_VisualStudio\Feuille2.3.2\Feuille\Debug\cairod.dll
D:\Dev\Code\CPP_VisualStudio\Feuille2.3.2\Feuille\Debug\libpng16d.dll
D:\Dev\Code\CPP_VisualStudio\Feuille2.3.2\Feuille\Debug\freetyped.dll
D:\Dev\Code\CPP_VisualStudio\Feuille2.3.2\Feuille\Debug\bz2d.dll
D:\Dev\Code\CPP_VisualStudio\Feuille2.3.2\Feuille\Debug\fontconfig.dll
D:\Dev\Code\CPP_VisualStudio\Feuille2.3.2\Feuille\Debug\expatd.dll
D:\Dev\Code\CPP_VisualStudio\Feuille2.3.2\Feuille\Debug\cairo-gobjectd.dll
D:\Dev\Code\CPP_VisualStudio\Feuille2.3.2\Feuille\Debug\pango-1.dll
D:\Dev\Code\CPP_VisualStudio\Feuille2.3.2\Feuille\Debug\pangocairo-1.dll
D:\Dev\Code\CPP_VisualStudio\Feuille2.3.2\Feuille\Debug\pangowin32-1.dll
D:\Dev\Code\CPP_VisualStudio\Feuille2.3.2\Feuille\Debug\pangoft2-1.dll
D:\Dev\Code\CPP_VisualStudio\Feuille2.3.2\Feuille\Debug\harfbuzz.dll
D:\Dev\Code\CPP_VisualStudio\Feuille2.3.2\Feuille\Debug\gdk_pixbuf-2.dll
D:\Dev\Code\CPP_VisualStudio\Feuille2.3.2\Feuille\Debug\atk-1.dll
D:\Dev\Code\CPP_VisualStudio\Feuille2.3.2\Feuille\Debug\gdk-3.dll
